<?xml version="1.0" encoding="UTF-8" ?>
<testsuite errors="1" failures="0" hostname="smonder" name="ComplexTest" skipped="0" tests="1" time="0.0" timestamp="2024-04-23T00:30:24">
  <properties>
[...]
</properties>
  <error message="ComplexTest" type="java.lang.ClassNotFoundException">java.lang.ClassNotFoundException: ComplexTest
	at java.base/java.lang.ClassLoader.loadClass(ClassLoader.java:521)
	at java.base/java.lang.Class.forName0(Native Method)
	at java.base/java.lang.Class.forName(Class.java:495)
	at java.base/java.lang.Class.forName(Class.java:474)
	at java.base/jdk.internal.reflect.DirectMethodHandleAccessor.invoke(DirectMethodHandleAccessor.java:104)
</error>
  <system-out><![CDATA[]]></system-out>
  <system-err><![CDATA[]]></system-err>
</testsuite>
